<?xml version="1.0" encoding="UTF-8"?>
<testng-results ignored="0" total="1" passed="1" failed="0" skipped="0">
  <reporter-output>
  </reporter-output>
  <suite started-at="2020-04-22T11:44:04Z" name="Default suite" finished-at="2020-04-22T11:44:04Z" duration-ms="38">
    <groups>
    </groups>
    <test started-at="2020-04-22T11:44:04Z" name="Default test" finished-at="2020-04-22T11:44:04Z" duration-ms="38">
      <class name="com.qa.Testcases.Testcase">
        <test-method signature="test()[pri:0, instance:com.qa.Testcases.Testcase@7eac9008]" started-at="2020-04-22T11:44:04Z" name="test" finished-at="2020-04-22T11:44:04Z" duration-ms="10" status="PASS">
          <reporter-output>
          </reporter-output>
        </test-method> <!-- test -->
      </class> <!-- com.qa.Testcases.Testcase -->
    </test> <!-- Default test -->
  </suite> <!-- Default suite -->
</testng-results>
